<?xml version="1.0" encoding="UTF-8"?>
<testsuite xmlns:xsi="http://www.w3.org/2001/XMLSchema-instance" xsi:noNamespaceSchemaLocation="https://maven.apache.org/surefire/maven-surefire-plugin/xsd/surefire-test-report-3.0.xsd" version="3.0" name="edu.cmu.cs.cs214.rec02.IntQueueTest" time="0.037" tests="9" errors="0" skipped="0" failures="0">
  <properties>
[...]
</properties>
  <testcase name="testNotEmpty" classname="edu.cmu.cs.cs214.rec02.IntQueueTest" time="0.002"/>
  <testcase name="testEnqueue" classname="edu.cmu.cs.cs214.rec02.IntQueueTest" time="0.0"/>
  <testcase name="testClear" classname="edu.cmu.cs.cs214.rec02.IntQueueTest" time="0.0"/>
  <testcase name="testPeekNoEmptyQueue" classname="edu.cmu.cs.cs214.rec02.IntQueueTest" time="0.0"/>
  <testcase name="testEnsureCapacity" classname="edu.cmu.cs.cs214.rec02.IntQueueTest" time="0.0"/>
  <testcase name="testPeekEmptyQueue" classname="edu.cmu.cs.cs214.rec02.IntQueueTest" time="0.0"/>
  <testcase name="testContent" classname="edu.cmu.cs.cs214.rec02.IntQueueTest" time="0.011">
    <system-out><![CDATA[enqueue: 1
enqueue: 5
enqueue: 2
enqueue: 1
enqueue: 4
]]></system-out>
  </testcase>
  <testcase name="testDequeue" classname="edu.cmu.cs.cs214.rec02.IntQueueTest" time="0.0"/>
  <testcase name="testIsEmpty" classname="edu.cmu.cs.cs214.rec02.IntQueueTest" time="0.0"/>
</testsuite>